Copyright 1986-2020 Xilinx, Inc. All Rights Reserved.
------------------------------------------------------------------------------------
| Tool Version : Vivado v.2020.2 (win64) Build 3064766 Wed Nov 18 09:12:45 MST 2020
| Date         : Mon Nov 24 18:56:49 2025
| Host         : DESKTOP-7CFQ9ND running 64-bit major release  (build 9200)
| Command      : report_control_sets -verbose -file VGA_TOP_control_sets_placed.rpt
| Design       : VGA_TOP
| Device       : xc7a35t
------------------------------------------------------------------------------------

Control Set Information

Table of Contents
-----------------
1. Summary
2. Histogram
3. Flip-Flop Distribution
4. Detailed Control Set Information

1. Summary
----------

+----------------------------------------------------------+-------+
|                          Status                          | Count |
+----------------------------------------------------------+-------+
| Total control sets                                       |     9 |
|    Minimum number of control sets                        |     9 |
|    Addition due to synthesis replication                 |     0 |
|    Addition due to physical synthesis replication        |     0 |
| Unused register locations in slices containing registers |    32 |
+----------------------------------------------------------+-------+
* Control sets can be merged at opt_design using control_set_merge or merge_equivalent_drivers
** Run report_qor_suggestions for automated merging and remapping suggestions


2. Histogram
------------

+--------------------+-------+
|       Fanout       | Count |
+--------------------+-------+
| Total control sets |     9 |
| >= 0 to < 4        |     2 |
| >= 4 to < 6        |     2 |
| >= 6 to < 8        |     0 |
| >= 8 to < 10       |     2 |
| >= 10 to < 12      |     2 |
| >= 12 to < 14      |     0 |
| >= 14 to < 16      |     0 |
| >= 16              |     1 |
+--------------------+-------+
* Control sets can be remapped at either synth_design or opt_design


3. Flip-Flop Distribution
-------------------------

+--------------+-----------------------+------------------------+-----------------+--------------+
| Clock Enable | Synchronous Set/Reset | Asynchronous Set/Reset | Total Registers | Total Slices |
+--------------+-----------------------+------------------------+-----------------+--------------+
| No           | No                    | No                     |               6 |            4 |
| No           | No                    | Yes                    |              16 |            8 |
| No           | Yes                   | No                     |               0 |            0 |
| Yes          | No                    | No                     |               0 |            0 |
| Yes          | No                    | Yes                    |              58 |           17 |
| Yes          | Yes                   | No                     |               0 |            0 |
+--------------+-----------------------+------------------------+-----------------+--------------+


4. Detailed Control Set Information
-----------------------------------

+-----------------+------------------------------------------+------------------+------------------+----------------+--------------+
|   Clock Signal  |               Enable Signal              | Set/Reset Signal | Slice Load Count | Bel Load Count | Bels / Slice |
+-----------------+------------------------------------------+------------------+------------------+----------------+--------------+
|  clk_IBUF_BUFG  |                                          |                  |                1 |              1 |         1.00 |
|  clk_IBUF_BUFG  |                                          | reset_IBUF       |                1 |              2 |         2.00 |
|  pclk_IBUF_BUFG |                                          | reset_IBUF       |                2 |              4 |         2.00 |
|  xclk_OBUF_BUFG |                                          |                  |                3 |              5 |         1.67 |
|  pclk_IBUF_BUFG | U_OV7670_Mem_Controller/pixelData[10]    | reset_IBUF       |                2 |              8 |         4.00 |
|  pclk_IBUF_BUFG | U_OV7670_Mem_Controller/pixelData[4]     | reset_IBUF       |                2 |              8 |         4.00 |
|  xclk_OBUF_BUFG |                                          | reset_IBUF       |                5 |             10 |         2.00 |
|  xclk_OBUF_BUFG | U_VGA_Syncher/U_Pixel_Counter/v_counter  | reset_IBUF       |                3 |             10 |         3.33 |
|  pclk_IBUF_BUFG | U_OV7670_Mem_Controller/wAddr[0]_i_1_n_0 | reset_IBUF       |               10 |             32 |         3.20 |
+-----------------+------------------------------------------+------------------+------------------+----------------+--------------+


