
*** Running vivado
    with args -log VGA_TOP.vds -m64 -product Vivado -mode batch -messageDb vivado.pb -notrace -source VGA_TOP.tcl



****** Vivado v2020.2 (64-bit)
  **** SW Build 3064766 on Wed Nov 18 09:12:45 MST 2020
  **** IP Build 3064653 on Wed Nov 18 14:17:31 MST 2020
    ** Copyright 1986-2020 Xilinx, Inc. All Rights Reserved.

source VGA_TOP.tcl -notrace
Command: synth_design -top VGA_TOP -part xc7a35tcpg236-1
Starting synth_design
Attempting to get a license for feature 'Synthesis' and/or device 'xc7a35t'
INFO: [Common 17-349] Got license for feature 'Synthesis' and/or device 'xc7a35t'
INFO: [Device 21-403] Loading part xc7a35tcpg236-1
INFO: [Synth 8-7079] Multithreading enabled for synth_design using a maximum of 2 processes.
INFO: [Synth 8-7078] Launching helper process for spawning children vivado processes
INFO: [Synth 8-7075] Helper process launched with PID 18608
---------------------------------------------------------------------------------
Starting RTL Elaboration : Time (s): cpu = 00:00:03 ; elapsed = 00:00:03 . Memory (MB): peak = 1106.027 ; gain = 0.000
---------------------------------------------------------------------------------
INFO: [Synth 8-6157] synthesizing module 'VGA_TOP' [D:/workspace/vga_project/vga_project.srcs/sources_1/new/VGA_TOP.sv:3]
INFO: [Synth 8-6157] synthesizing module 'pixel_clk_gen' [D:/workspace/vga_project/vga_project.srcs/sources_1/imports/project/pclk_gen.sv:3]
INFO: [Synth 8-6155] done synthesizing module 'pixel_clk_gen' (1#1) [D:/workspace/vga_project/vga_project.srcs/sources_1/imports/project/pclk_gen.sv:3]
INFO: [Synth 8-6157] synthesizing module 'VGA_Syncher' [D:/workspace/vga_project/vga_project.srcs/sources_1/imports/project/VGA_Decoder.sv:3]
INFO: [Synth 8-6157] synthesizing module 'pixel_counter' [D:/workspace/vga_project/vga_project.srcs/sources_1/imports/project/VGA_Decoder.sv:20]
	Parameter H_MAX bound to: 800 - type: integer 
	Parameter V_MAX bound to: 525 - type: integer 
INFO: [Synth 8-6155] done synthesizing module 'pixel_counter' (2#1) [D:/workspace/vga_project/vga_project.srcs/sources_1/imports/project/VGA_Decoder.sv:20]
INFO: [Synth 8-6157] synthesizing module 'vgaDecoder' [D:/workspace/vga_project/vga_project.srcs/sources_1/imports/project/VGA_Decoder.sv:55]
	Parameter H_Visible_area bound to: 640 - type: integer 
	Parameter H_Front_porch bound to: 16 - type: integer 
	Parameter H_Sync_pulse bound to: 96 - type: integer 
	Parameter H_Back_porch bound to: 48 - type: integer 
	Parameter V_Visible_area bound to: 480 - type: integer 
	Parameter V_Front_porch bound to: 10 - type: integer 
	Parameter V_Sync_pulse bound to: 2 - type: integer 
	Parameter V_Back_porch bound to: 33 - type: integer 
INFO: [Synth 8-6155] done synthesizing module 'vgaDecoder' (3#1) [D:/workspace/vga_project/vga_project.srcs/sources_1/imports/project/VGA_Decoder.sv:55]
INFO: [Synth 8-6155] done synthesizing module 'VGA_Syncher' (4#1) [D:/workspace/vga_project/vga_project.srcs/sources_1/imports/project/VGA_Decoder.sv:3]
INFO: [Synth 8-6157] synthesizing module 'OV7670_Mem_Controller' [D:/workspace/vga_project/vga_project.srcs/sources_1/imports/project/OV7670_Mem_Controller.sv:3]
	Parameter H_PIXELS bound to: 320 - type: integer 
	Parameter V_PIXELS bound to: 240 - type: integer 
	Parameter FRAME_SIZE bound to: 76800 - type: integer 
INFO: [Synth 8-6155] done synthesizing module 'OV7670_Mem_Controller' (5#1) [D:/workspace/vga_project/vga_project.srcs/sources_1/imports/project/OV7670_Mem_Controller.sv:3]
INFO: [Synth 8-6157] synthesizing module 'buffer' [D:/workspace/vga_project/vga_project.srcs/sources_1/imports/project/frame_buffer.sv:3]
INFO: [Synth 8-6157] synthesizing module 'gray_filter' [D:/workspace/vga_project/vga_project.srcs/sources_1/imports/project/frame_buffer.sv:62]
INFO: [Synth 8-6155] done synthesizing module 'gray_filter' (6#1) [D:/workspace/vga_project/vga_project.srcs/sources_1/imports/project/frame_buffer.sv:62]
INFO: [Synth 8-6157] synthesizing module 'frame_buffer' [D:/workspace/vga_project/vga_project.srcs/sources_1/imports/project/frame_buffer.sv:87]
INFO: [Synth 8-6155] done synthesizing module 'frame_buffer' (7#1) [D:/workspace/vga_project/vga_project.srcs/sources_1/imports/project/frame_buffer.sv:87]
INFO: [Synth 8-6155] done synthesizing module 'buffer' (8#1) [D:/workspace/vga_project/vga_project.srcs/sources_1/imports/project/frame_buffer.sv:3]
INFO: [Synth 8-6157] synthesizing module 'motion_compare' [D:/workspace/vga_project/vga_project.srcs/sources_1/new/motion_compare.sv:3]
	Parameter THRESHOLD bound to: 8'b00001010 
INFO: [Synth 8-6155] done synthesizing module 'motion_compare' (9#1) [D:/workspace/vga_project/vga_project.srcs/sources_1/new/motion_compare.sv:3]
INFO: [Synth 8-6157] synthesizing module 'motion_display' [D:/workspace/vga_project/vga_project.srcs/sources_1/new/motion_coordinate.sv:5]
INFO: [Synth 8-6155] done synthesizing module 'motion_display' (10#1) [D:/workspace/vga_project/vga_project.srcs/sources_1/new/motion_coordinate.sv:5]
INFO: [Synth 8-6155] done synthesizing module 'VGA_TOP' (11#1) [D:/workspace/vga_project/vga_project.srcs/sources_1/new/VGA_TOP.sv:3]
---------------------------------------------------------------------------------
Finished RTL Elaboration : Time (s): cpu = 00:00:04 ; elapsed = 00:00:04 . Memory (MB): peak = 1106.027 ; gain = 0.000
---------------------------------------------------------------------------------
---------------------------------------------------------------------------------
Start Handling Custom Attributes
---------------------------------------------------------------------------------
---------------------------------------------------------------------------------
Finished Handling Custom Attributes : Time (s): cpu = 00:00:04 ; elapsed = 00:00:04 . Memory (MB): peak = 1106.027 ; gain = 0.000
---------------------------------------------------------------------------------
---------------------------------------------------------------------------------
Finished RTL Optimization Phase 1 : Time (s): cpu = 00:00:04 ; elapsed = 00:00:04 . Memory (MB): peak = 1106.027 ; gain = 0.000
---------------------------------------------------------------------------------
Netlist sorting complete. Time (s): cpu = 00:00:00 ; elapsed = 00:00:00.004 . Memory (MB): peak = 1106.027 ; gain = 0.000
INFO: [Project 1-570] Preparing netlist for logic optimization

Processing XDC Constraints
Initializing timing engine
Parsing XDC File [D:/workspace/vga_project/vga_project.srcs/constrs_1/imports/1121/MY_Basys-3-Master.xdc]
Finished Parsing XDC File [D:/workspace/vga_project/vga_project.srcs/constrs_1/imports/1121/MY_Basys-3-Master.xdc]
INFO: [Project 1-236] Implementation specific constraints were found while reading constraint file [D:/workspace/vga_project/vga_project.srcs/constrs_1/imports/1121/MY_Basys-3-Master.xdc]. These constraints will be ignored for synthesis but will be used in implementation. Impacted constraints are listed in the file [.Xil/VGA_TOP_propImpl.xdc].
Resolution: To avoid this warning, move constraints listed in [.Xil/VGA_TOP_propImpl.xdc] to another XDC file and exclude this new file from synthesis with the used_in_synthesis property (File Properties dialog in GUI) and re-run elaboration/synthesis.
Completed Processing XDC Constraints

Netlist sorting complete. Time (s): cpu = 00:00:00 ; elapsed = 00:00:00 . Memory (MB): peak = 1172.477 ; gain = 0.000
INFO: [Project 1-111] Unisim Transformation Summary:
No Unisim elements were transformed.

Constraint Validation Runtime : Time (s): cpu = 00:00:00 ; elapsed = 00:00:00.002 . Memory (MB): peak = 1172.477 ; gain = 0.000
---------------------------------------------------------------------------------
Finished Constraint Validation : Time (s): cpu = 00:00:07 ; elapsed = 00:00:08 . Memory (MB): peak = 1172.477 ; gain = 66.449
---------------------------------------------------------------------------------
---------------------------------------------------------------------------------
Start Loading Part and Timing Information
---------------------------------------------------------------------------------
Loading part: xc7a35tcpg236-1
---------------------------------------------------------------------------------
Finished Loading Part and Timing Information : Time (s): cpu = 00:00:07 ; elapsed = 00:00:08 . Memory (MB): peak = 1172.477 ; gain = 66.449
---------------------------------------------------------------------------------
---------------------------------------------------------------------------------
Start Applying 'set_property' XDC Constraints
---------------------------------------------------------------------------------
---------------------------------------------------------------------------------
Finished applying 'set_property' XDC Constraints : Time (s): cpu = 00:00:07 ; elapsed = 00:00:08 . Memory (MB): peak = 1172.477 ; gain = 66.449
---------------------------------------------------------------------------------
---------------------------------------------------------------------------------
Finished RTL Optimization Phase 2 : Time (s): cpu = 00:00:08 ; elapsed = 00:00:08 . Memory (MB): peak = 1172.477 ; gain = 66.449
---------------------------------------------------------------------------------
---------------------------------------------------------------------------------
Start RTL Component Statistics 
---------------------------------------------------------------------------------
Detailed RTL Component Info : 
+---Adders : 
	  12 Input   16 Bit       Adders := 1     
	   2 Input   10 Bit       Adders := 2     
	   3 Input    8 Bit       Adders := 1     
	   2 Input    4 Bit       Adders := 1     
	   2 Input    2 Bit       Adders := 1     
+---Registers : 
	               16 Bit    Registers := 3     
	               10 Bit    Registers := 2     
	                2 Bit    Registers := 1     
	                1 Bit    Registers := 7     
+---RAMs : 
	            1200K Bit	(76800 X 16 bit)          RAMs := 2     
+---Muxes : 
	   3 Input   16 Bit        Muxes := 1     
	   2 Input   16 Bit        Muxes := 2     
	   2 Input    8 Bit        Muxes := 2     
	   2 Input    4 Bit        Muxes := 3     
	   2 Input    2 Bit        Muxes := 1     
	   2 Input    1 Bit        Muxes := 3     
---------------------------------------------------------------------------------
Finished RTL Component Statistics 
---------------------------------------------------------------------------------
---------------------------------------------------------------------------------
Start Part Resource Summary
---------------------------------------------------------------------------------
Part Resources:
DSPs: 90 (col length:60)
BRAMs: 100 (col length: RAMB18 60 RAMB36 30)
---------------------------------------------------------------------------------
Finished Part Resource Summary
---------------------------------------------------------------------------------
---------------------------------------------------------------------------------
Start Cross Boundary and Area Optimization
---------------------------------------------------------------------------------
DSP Report: Generating DSP U_MOTION_DISPLAY/addr0, operation Mode is: C+A*(B:0x140).
DSP Report: operator U_MOTION_DISPLAY/addr0 is absorbed into DSP U_MOTION_DISPLAY/addr0.
DSP Report: operator U_MOTION_DISPLAY/addr1 is absorbed into DSP U_MOTION_DISPLAY/addr0.
---------------------------------------------------------------------------------
Finished Cross Boundary and Area Optimization : Time (s): cpu = 00:00:09 ; elapsed = 00:00:10 . Memory (MB): peak = 1172.477 ; gain = 66.449
---------------------------------------------------------------------------------
CRITICAL WARNING: [Synth 8-7048] Resources of type BRAM have been overutilized even after performing resource management. Used = 168, Available = 100. 
---------------------------------------------------------------------------------
Start ROM, RAM, DSP, Shift Register and Retiming Reporting
---------------------------------------------------------------------------------

Block RAM: Preliminary Mapping	Report (see note below)
+------------+------------------------+------------------------+---+---+------------------------+---+---+------------------+--------+--------+
|Module Name | RTL Object             | PORT A (Depth x Width) | W | R | PORT B (Depth x Width) | W | R | Ports driving FF | RAMB18 | RAMB36 | 
+------------+------------------------+------------------------+---+---+------------------------+---+---+------------------+--------+--------+
|VGA_TOP     | U_BUFFER/U_FB0/mem_reg | 75 K x 16(NO_CHANGE)   | W |   | 75 K x 16(WRITE_FIRST) |   | R | Port A and B     | 0      | 48     | 
|VGA_TOP     | U_BUFFER/U_FB1/mem_reg | 75 K x 16(NO_CHANGE)   | W |   | 75 K x 16(WRITE_FIRST) |   | R | Port A and B     | 0      | 48     | 
+------------+------------------------+------------------------+---+---+------------------------+---+---+------------------+--------+--------+

Note: The table above is a preliminary report that shows the Block RAMs at the current stage of the synthesis flow. Some Block RAMs may be reimplemented as non Block RAM primitives later in the synthesis flow. Multiple instantiated Block RAMs are reported only once. 

DSP: Preliminary Mapping	Report (see note below)
+---------------+---------------+--------+--------+--------+--------+--------+------+------+------+------+-------+------+------+
|Module Name    | DSP Mapping   | A Size | B Size | C Size | D Size | P Size | AREG | BREG | CREG | DREG | ADREG | MREG | PREG | 
+---------------+---------------+--------+--------+--------+--------+--------+------+------+------+------+-------+------+------+
|motion_display | C+A*(B:0x140) | 10     | 9      | 10     | -      | 17     | 0    | 0    | 0    | -    | -     | 0    | 0    | 
+---------------+---------------+--------+--------+--------+--------+--------+------+------+------+------+-------+------+------+

Note: The table above is a preliminary report that shows the DSPs inferred at the current stage of the synthesis flow. Some DSP may be reimplemented as non DSP primitives later in the synthesis flow. Multiple instantiated DSPs are reported only once.
---------------------------------------------------------------------------------
Finished ROM, RAM, DSP, Shift Register and Retiming Reporting
---------------------------------------------------------------------------------
---------------------------------------------------------------------------------
Start Applying XDC Timing Constraints
---------------------------------------------------------------------------------
---------------------------------------------------------------------------------
Finished Applying XDC Timing Constraints : Time (s): cpu = 00:00:14 ; elapsed = 00:00:15 . Memory (MB): peak = 1200.289 ; gain = 94.262
---------------------------------------------------------------------------------
---------------------------------------------------------------------------------
Start Timing Optimization
---------------------------------------------------------------------------------
---------------------------------------------------------------------------------
Finished Timing Optimization : Time (s): cpu = 00:00:14 ; elapsed = 00:00:15 . Memory (MB): peak = 1210.938 ; gain = 104.910
---------------------------------------------------------------------------------
---------------------------------------------------------------------------------
Start ROM, RAM, DSP, Shift Register and Retiming Reporting
---------------------------------------------------------------------------------

Block RAM: Final Mapping	Report
+------------+------------------------+------------------------+---+---+------------------------+---+---+------------------+--------+--------+
|Module Name | RTL Object             | PORT A (Depth x Width) | W | R | PORT B (Depth x Width) | W | R | Ports driving FF | RAMB18 | RAMB36 | 
+------------+------------------------+------------------------+---+---+------------------------+---+---+------------------+--------+--------+
|VGA_TOP     | U_BUFFER/U_FB0/mem_reg | 75 K x 16(NO_CHANGE)   | W |   | 75 K x 16(WRITE_FIRST) |   | R | Port A and B     | 0      | 48     | 
|VGA_TOP     | U_BUFFER/U_FB1/mem_reg | 75 K x 16(NO_CHANGE)   | W |   | 75 K x 16(WRITE_FIRST) |   | R | Port A and B     | 0      | 48     | 
+------------+------------------------+------------------------+---+---+------------------------+---+---+------------------+--------+--------+

---------------------------------------------------------------------------------
Finished ROM, RAM, DSP, Shift Register and Retiming Reporting
---------------------------------------------------------------------------------
---------------------------------------------------------------------------------
Start Technology Mapping
---------------------------------------------------------------------------------
INFO: [Synth 8-223] decloning instance 'U_BUFFER/U_FB0/mem_reg_0_7' (RAMB36E1) to 'U_BUFFER/U_FB0/mem_reg_0_1'
INFO: [Synth 8-223] decloning instance 'U_BUFFER/U_FB0/mem_reg_0_12' (RAMB36E1) to 'U_BUFFER/U_FB0/mem_reg_0_1'
INFO: [Synth 8-223] decloning instance 'U_BUFFER/U_FB0/mem_reg_1_7' (RAMB36E1_1) to 'U_BUFFER/U_FB0/mem_reg_1_1'
INFO: [Synth 8-223] decloning instance 'U_BUFFER/U_FB0/mem_reg_1_12' (RAMB36E1_1) to 'U_BUFFER/U_FB0/mem_reg_1_1'
INFO: [Synth 8-223] decloning instance 'U_BUFFER/U_FB0/mem_reg_0_8' (RAMB36E1) to 'U_BUFFER/U_FB0/mem_reg_0_2'
INFO: [Synth 8-223] decloning instance 'U_BUFFER/U_FB0/mem_reg_0_13' (RAMB36E1) to 'U_BUFFER/U_FB0/mem_reg_0_2'
INFO: [Synth 8-223] decloning instance 'U_BUFFER/U_FB0/mem_reg_1_8' (RAMB36E1_1) to 'U_BUFFER/U_FB0/mem_reg_1_2'
INFO: [Synth 8-223] decloning instance 'U_BUFFER/U_FB0/mem_reg_1_13' (RAMB36E1_1) to 'U_BUFFER/U_FB0/mem_reg_1_2'
INFO: [Synth 8-223] decloning instance 'U_BUFFER/U_FB0/mem_reg_0_9' (RAMB36E1) to 'U_BUFFER/U_FB0/mem_reg_0_3'
INFO: [Synth 8-223] decloning instance 'U_BUFFER/U_FB0/mem_reg_0_14' (RAMB36E1) to 'U_BUFFER/U_FB0/mem_reg_0_3'
INFO: [Synth 8-223] decloning instance 'U_BUFFER/U_FB0/mem_reg_1_9' (RAMB36E1_1) to 'U_BUFFER/U_FB0/mem_reg_1_3'
INFO: [Synth 8-223] decloning instance 'U_BUFFER/U_FB0/mem_reg_1_14' (RAMB36E1_1) to 'U_BUFFER/U_FB0/mem_reg_1_3'
INFO: [Synth 8-223] decloning instance 'U_BUFFER/U_FB0/mem_reg_0_10' (RAMB36E1) to 'U_BUFFER/U_FB0/mem_reg_0_4'
INFO: [Synth 8-223] decloning instance 'U_BUFFER/U_FB0/mem_reg_0_15' (RAMB36E1) to 'U_BUFFER/U_FB0/mem_reg_0_4'
INFO: [Synth 8-223] decloning instance 'U_BUFFER/U_FB0/mem_reg_1_10' (RAMB36E1_1) to 'U_BUFFER/U_FB0/mem_reg_1_4'
INFO: [Synth 8-223] decloning instance 'U_BUFFER/U_FB0/mem_reg_1_15' (RAMB36E1_1) to 'U_BUFFER/U_FB0/mem_reg_1_4'
INFO: [Synth 8-223] decloning instance 'U_BUFFER/U_FB0/mem_reg_1_7__0' (RAMB36E1_2) to 'U_BUFFER/U_FB0/mem_reg_1_1__0'
INFO: [Synth 8-223] decloning instance 'U_BUFFER/U_FB0/mem_reg_1_12__0' (RAMB36E1_2) to 'U_BUFFER/U_FB0/mem_reg_1_1__0'
INFO: [Synth 8-223] decloning instance 'U_BUFFER/U_FB0/mem_reg_1_8__0' (RAMB36E1_2) to 'U_BUFFER/U_FB0/mem_reg_1_2__0'
INFO: [Synth 8-223] decloning instance 'U_BUFFER/U_FB0/mem_reg_1_13__0' (RAMB36E1_2) to 'U_BUFFER/U_FB0/mem_reg_1_2__0'
INFO: [Synth 8-223] decloning instance 'U_BUFFER/U_FB0/mem_reg_1_9__0' (RAMB36E1_2) to 'U_BUFFER/U_FB0/mem_reg_1_3__0'
INFO: [Synth 8-223] decloning instance 'U_BUFFER/U_FB0/mem_reg_1_14__0' (RAMB36E1_2) to 'U_BUFFER/U_FB0/mem_reg_1_3__0'
INFO: [Synth 8-223] decloning instance 'U_BUFFER/U_FB0/mem_reg_1_10__0' (RAMB36E1_2) to 'U_BUFFER/U_FB0/mem_reg_1_4__0'
INFO: [Synth 8-223] decloning instance 'U_BUFFER/U_FB0/mem_reg_1_15__0' (RAMB36E1_2) to 'U_BUFFER/U_FB0/mem_reg_1_4__0'
INFO: [Synth 8-223] decloning instance 'U_BUFFER/U_FB1/mem_reg_0_7' (RAMB36E1) to 'U_BUFFER/U_FB1/mem_reg_0_1'
INFO: [Synth 8-223] decloning instance 'U_BUFFER/U_FB1/mem_reg_0_12' (RAMB36E1) to 'U_BUFFER/U_FB1/mem_reg_0_1'
INFO: [Synth 8-223] decloning instance 'U_BUFFER/U_FB1/mem_reg_1_7' (RAMB36E1_1) to 'U_BUFFER/U_FB1/mem_reg_1_1'
INFO: [Synth 8-223] decloning instance 'U_BUFFER/U_FB1/mem_reg_1_12' (RAMB36E1_1) to 'U_BUFFER/U_FB1/mem_reg_1_1'
INFO: [Synth 8-223] decloning instance 'U_BUFFER/U_FB1/mem_reg_0_8' (RAMB36E1) to 'U_BUFFER/U_FB1/mem_reg_0_2'
INFO: [Synth 8-223] decloning instance 'U_BUFFER/U_FB1/mem_reg_0_13' (RAMB36E1) to 'U_BUFFER/U_FB1/mem_reg_0_2'
INFO: [Synth 8-223] decloning instance 'U_BUFFER/U_FB1/mem_reg_1_8' (RAMB36E1_1) to 'U_BUFFER/U_FB1/mem_reg_1_2'
INFO: [Synth 8-223] decloning instance 'U_BUFFER/U_FB1/mem_reg_1_13' (RAMB36E1_1) to 'U_BUFFER/U_FB1/mem_reg_1_2'
INFO: [Synth 8-223] decloning instance 'U_BUFFER/U_FB1/mem_reg_0_9' (RAMB36E1) to 'U_BUFFER/U_FB1/mem_reg_0_3'
INFO: [Synth 8-223] decloning instance 'U_BUFFER/U_FB1/mem_reg_0_14' (RAMB36E1) to 'U_BUFFER/U_FB1/mem_reg_0_3'
INFO: [Synth 8-223] decloning instance 'U_BUFFER/U_FB1/mem_reg_1_9' (RAMB36E1_1) to 'U_BUFFER/U_FB1/mem_reg_1_3'
INFO: [Synth 8-223] decloning instance 'U_BUFFER/U_FB1/mem_reg_1_14' (RAMB36E1_1) to 'U_BUFFER/U_FB1/mem_reg_1_3'
INFO: [Synth 8-223] decloning instance 'U_BUFFER/U_FB1/mem_reg_0_10' (RAMB36E1) to 'U_BUFFER/U_FB1/mem_reg_0_4'
INFO: [Synth 8-223] decloning instance 'U_BUFFER/U_FB1/mem_reg_0_15' (RAMB36E1) to 'U_BUFFER/U_FB1/mem_reg_0_4'
INFO: [Synth 8-223] decloning instance 'U_BUFFER/U_FB1/mem_reg_1_10' (RAMB36E1_1) to 'U_BUFFER/U_FB1/mem_reg_1_4'
INFO: [Synth 8-223] decloning instance 'U_BUFFER/U_FB1/mem_reg_1_15' (RAMB36E1_1) to 'U_BUFFER/U_FB1/mem_reg_1_4'
INFO: [Synth 8-223] decloning instance 'U_BUFFER/U_FB1/mem_reg_1_7__0' (RAMB36E1_2) to 'U_BUFFER/U_FB1/mem_reg_1_1__0'
INFO: [Synth 8-223] decloning instance 'U_BUFFER/U_FB1/mem_reg_1_12__0' (RAMB36E1_2) to 'U_BUFFER/U_FB1/mem_reg_1_1__0'
INFO: [Synth 8-223] decloning instance 'U_BUFFER/U_FB1/mem_reg_1_8__0' (RAMB36E1_2) to 'U_BUFFER/U_FB1/mem_reg_1_2__0'
INFO: [Synth 8-223] decloning instance 'U_BUFFER/U_FB1/mem_reg_1_13__0' (RAMB36E1_2) to 'U_BUFFER/U_FB1/mem_reg_1_2__0'
INFO: [Synth 8-223] decloning instance 'U_BUFFER/U_FB1/mem_reg_1_9__0' (RAMB36E1_2) to 'U_BUFFER/U_FB1/mem_reg_1_3__0'
INFO: [Synth 8-223] decloning instance 'U_BUFFER/U_FB1/mem_reg_1_14__0' (RAMB36E1_2) to 'U_BUFFER/U_FB1/mem_reg_1_3__0'
INFO: [Synth 8-223] decloning instance 'U_BUFFER/U_FB1/mem_reg_1_10__0' (RAMB36E1_2) to 'U_BUFFER/U_FB1/mem_reg_1_4__0'
INFO: [Synth 8-223] decloning instance 'U_BUFFER/U_FB1/mem_reg_1_15__0' (RAMB36E1_2) to 'U_BUFFER/U_FB1/mem_reg_1_4__0'
INFO: [Synth 8-7052] The timing for the instance U_BUFFER/U_FB0/mem_reg_1_1 (implemented as a Block RAM) might be sub-optimal as no optional output register could be merged into the ram block. Providing additional output register may help in improving timing.
INFO: [Synth 8-7052] The timing for the instance U_BUFFER/U_FB0/mem_reg_1_2 (implemented as a Block RAM) might be sub-optimal as no optional output register could be merged into the ram block. Providing additional output register may help in improving timing.
INFO: [Synth 8-7052] The timing for the instance U_BUFFER/U_FB0/mem_reg_1_3 (implemented as a Block RAM) might be sub-optimal as no optional output register could be merged into the ram block. Providing additional output register may help in improving timing.
INFO: [Synth 8-7052] The timing for the instance U_BUFFER/U_FB0/mem_reg_1_4 (implemented as a Block RAM) might be sub-optimal as no optional output register could be merged into the ram block. Providing additional output register may help in improving timing.
INFO: [Synth 8-7052] The timing for the instance U_BUFFER/U_FB0/mem_reg_1_5 (implemented as a Block RAM) might be sub-optimal as no optional output register could be merged into the ram block. Providing additional output register may help in improving timing.
INFO: [Synth 8-7052] The timing for the instance U_BUFFER/U_FB0/mem_reg_1_6 (implemented as a Block RAM) might be sub-optimal as no optional output register could be merged into the ram block. Providing additional output register may help in improving timing.
INFO: [Synth 8-7052] The timing for the instance U_BUFFER/U_FB0/mem_reg_1_1__0 (implemented as a Block RAM) might be sub-optimal as no optional output register could be merged into the ram block. Providing additional output register may help in improving timing.
INFO: [Synth 8-7052] The timing for the instance U_BUFFER/U_FB0/mem_reg_1_2__0 (implemented as a Block RAM) might be sub-optimal as no optional output register could be merged into the ram block. Providing additional output register may help in improving timing.
INFO: [Synth 8-7052] The timing for the instance U_BUFFER/U_FB0/mem_reg_1_3__0 (implemented as a Block RAM) might be sub-optimal as no optional output register could be merged into the ram block. Providing additional output register may help in improving timing.
INFO: [Synth 8-7052] The timing for the instance U_BUFFER/U_FB0/mem_reg_1_4__0 (implemented as a Block RAM) might be sub-optimal as no optional output register could be merged into the ram block. Providing additional output register may help in improving timing.
INFO: [Synth 8-7052] The timing for the instance U_BUFFER/U_FB0/mem_reg_1_5__0 (implemented as a Block RAM) might be sub-optimal as no optional output register could be merged into the ram block. Providing additional output register may help in improving timing.
INFO: [Synth 8-7052] The timing for the instance U_BUFFER/U_FB0/mem_reg_1_6__0 (implemented as a Block RAM) might be sub-optimal as no optional output register could be merged into the ram block. Providing additional output register may help in improving timing.
INFO: [Synth 8-7052] The timing for the instance U_BUFFER/U_FB1/mem_reg_1_1 (implemented as a Block RAM) might be sub-optimal as no optional output register could be merged into the ram block. Providing additional output register may help in improving timing.
INFO: [Synth 8-7052] The timing for the instance U_BUFFER/U_FB1/mem_reg_1_2 (implemented as a Block RAM) might be sub-optimal as no optional output register could be merged into the ram block. Providing additional output register may help in improving timing.
INFO: [Synth 8-7052] The timing for the instance U_BUFFER/U_FB1/mem_reg_1_3 (implemented as a Block RAM) might be sub-optimal as no optional output register could be merged into the ram block. Providing additional output register may help in improving timing.
INFO: [Synth 8-7052] The timing for the instance U_BUFFER/U_FB1/mem_reg_1_4 (implemented as a Block RAM) might be sub-optimal as no optional output register could be merged into the ram block. Providing additional output register may help in improving timing.
INFO: [Synth 8-7052] The timing for the instance U_BUFFER/U_FB1/mem_reg_1_5 (implemented as a Block RAM) might be sub-optimal as no optional output register could be merged into the ram block. Providing additional output register may help in improving timing.
INFO: [Synth 8-7052] The timing for the instance U_BUFFER/U_FB1/mem_reg_1_6 (implemented as a Block RAM) might be sub-optimal as no optional output register could be merged into the ram block. Providing additional output register may help in improving timing.
INFO: [Synth 8-7052] The timing for the instance U_BUFFER/U_FB1/mem_reg_1_1__0 (implemented as a Block RAM) might be sub-optimal as no optional output register could be merged into the ram block. Providing additional output register may help in improving timing.
INFO: [Synth 8-7052] The timing for the instance U_BUFFER/U_FB1/mem_reg_1_2__0 (implemented as a Block RAM) might be sub-optimal as no optional output register could be merged into the ram block. Providing additional output register may help in improving timing.
INFO: [Synth 8-7052] The timing for the instance U_BUFFER/U_FB1/mem_reg_1_3__0 (implemented as a Block RAM) might be sub-optimal as no optional output register could be merged into the ram block. Providing additional output register may help in improving timing.
INFO: [Synth 8-7052] The timing for the instance U_BUFFER/U_FB1/mem_reg_1_4__0 (implemented as a Block RAM) might be sub-optimal as no optional output register could be merged into the ram block. Providing additional output register may help in improving timing.
INFO: [Synth 8-7052] The timing for the instance U_BUFFER/U_FB1/mem_reg_1_5__0 (implemented as a Block RAM) might be sub-optimal as no optional output register could be merged into the ram block. Providing additional output register may help in improving timing.
INFO: [Synth 8-7052] The timing for the instance U_BUFFER/U_FB1/mem_reg_1_6__0 (implemented as a Block RAM) might be sub-optimal as no optional output register could be merged into the ram block. Providing additional output register may help in improving timing.
---------------------------------------------------------------------------------
Finished Technology Mapping : Time (s): cpu = 00:00:15 ; elapsed = 00:00:15 . Memory (MB): peak = 1221.086 ; gain = 115.059
---------------------------------------------------------------------------------
---------------------------------------------------------------------------------
Start IO Insertion
---------------------------------------------------------------------------------
---------------------------------------------------------------------------------
Start Flattening Before IO Insertion
---------------------------------------------------------------------------------
---------------------------------------------------------------------------------
Finished Flattening Before IO Insertion
---------------------------------------------------------------------------------
---------------------------------------------------------------------------------
Start Final Netlist Cleanup
---------------------------------------------------------------------------------
---------------------------------------------------------------------------------
Finished Final Netlist Cleanup
---------------------------------------------------------------------------------
---------------------------------------------------------------------------------
Finished IO Insertion : Time (s): cpu = 00:00:16 ; elapsed = 00:00:17 . Memory (MB): peak = 1228.957 ; gain = 122.930
---------------------------------------------------------------------------------
---------------------------------------------------------------------------------
Start Renaming Generated Instances
---------------------------------------------------------------------------------
---------------------------------------------------------------------------------
Finished Renaming Generated Instances : Time (s): cpu = 00:00:16 ; elapsed = 00:00:17 . Memory (MB): peak = 1228.957 ; gain = 122.930
---------------------------------------------------------------------------------
---------------------------------------------------------------------------------
Start Rebuilding User Hierarchy
---------------------------------------------------------------------------------
---------------------------------------------------------------------------------
Finished Rebuilding User Hierarchy : Time (s): cpu = 00:00:16 ; elapsed = 00:00:17 . Memory (MB): peak = 1228.957 ; gain = 122.930
---------------------------------------------------------------------------------
---------------------------------------------------------------------------------
Start Renaming Generated Ports
---------------------------------------------------------------------------------
---------------------------------------------------------------------------------
Finished Renaming Generated Ports : Time (s): cpu = 00:00:16 ; elapsed = 00:00:17 . Memory (MB): peak = 1228.957 ; gain = 122.930
---------------------------------------------------------------------------------
---------------------------------------------------------------------------------
Start Handling Custom Attributes
---------------------------------------------------------------------------------
---------------------------------------------------------------------------------
Finished Handling Custom Attributes : Time (s): cpu = 00:00:16 ; elapsed = 00:00:17 . Memory (MB): peak = 1228.973 ; gain = 122.945
---------------------------------------------------------------------------------
---------------------------------------------------------------------------------
Start Renaming Generated Nets
---------------------------------------------------------------------------------
---------------------------------------------------------------------------------
Finished Renaming Generated Nets : Time (s): cpu = 00:00:16 ; elapsed = 00:00:17 . Memory (MB): peak = 1228.973 ; gain = 122.945
---------------------------------------------------------------------------------
---------------------------------------------------------------------------------
Start Writing Synthesis Report
---------------------------------------------------------------------------------

Report BlackBoxes: 
+-+--------------+----------+
| |BlackBox name |Instances |
+-+--------------+----------+
+-+--------------+----------+

Report Cell Usage: 
+------+---------+------+
|      |Cell     |Count |
+------+---------+------+
|1     |BUFG     |     3|
|2     |CARRY4   |    21|
|3     |DSP48E1  |     1|
|4     |LUT1     |     8|
|5     |LUT2     |    62|
|6     |LUT3     |    46|
|7     |LUT4     |    39|
|8     |LUT5     |    34|
|9     |LUT6     |    41|
|10    |RAMB36E1 |    36|
|13    |FDCE     |    74|
|14    |FDRE     |     5|
|15    |IBUF     |    13|
|16    |OBUF     |    15|
+------+---------+------+
---------------------------------------------------------------------------------
Finished Writing Synthesis Report : Time (s): cpu = 00:00:16 ; elapsed = 00:00:17 . Memory (MB): peak = 1228.973 ; gain = 122.945
---------------------------------------------------------------------------------
Synthesis finished with 0 errors, 1 critical warnings and 0 warnings.
Synthesis Optimization Runtime : Time (s): cpu = 00:00:12 ; elapsed = 00:00:16 . Memory (MB): peak = 1228.973 ; gain = 56.496
Synthesis Optimization Complete : Time (s): cpu = 00:00:17 ; elapsed = 00:00:17 . Memory (MB): peak = 1228.973 ; gain = 122.945
INFO: [Project 1-571] Translating synthesized netlist
Netlist sorting complete. Time (s): cpu = 00:00:00 ; elapsed = 00:00:00.007 . Memory (MB): peak = 1241.039 ; gain = 0.000
INFO: [Netlist 29-17] Analyzing 58 Unisim elements for replacement
INFO: [Netlist 29-28] Unisim Transformation completed in 0 CPU seconds
INFO: [Project 1-570] Preparing netlist for logic optimization
INFO: [Opt 31-138] Pushed 0 inverter(s) to 0 load pin(s).
Netlist sorting complete. Time (s): cpu = 00:00:00 ; elapsed = 00:00:00 . Memory (MB): peak = 1241.039 ; gain = 0.000
INFO: [Project 1-111] Unisim Transformation Summary:
No Unisim elements were transformed.

INFO: [Common 17-83] Releasing license: Synthesis
109 Infos, 0 Warnings, 1 Critical Warnings and 0 Errors encountered.
synth_design completed successfully
synth_design: Time (s): cpu = 00:00:20 ; elapsed = 00:00:22 . Memory (MB): peak = 1241.039 ; gain = 135.012
INFO: [runtcl-6] Synthesis results are not added to the cache due to CRITICAL_WARNING
INFO: [Common 17-1381] The checkpoint 'D:/workspace/vga_project/vga_project.runs/synth_1/VGA_TOP.dcp' has been generated.
INFO: [runtcl-4] Executing : report_utilization -file VGA_TOP_utilization_synth.rpt -pb VGA_TOP_utilization_synth.pb
INFO: [Common 17-206] Exiting Vivado at Mon Nov 24 18:56:17 2025...
